0 info it worked if it ends with ok
1 verbose cli [ '/usr/local/Cellar/node/5.7.0/bin/node',
1 verbose cli   '/usr/local/bin/npm',
1 verbose cli   'run-script',
1 verbose cli   'flow' ]
2 info using npm@3.7.3
3 info using node@v5.7.0
4 verbose run-script [ 'preflow', 'flow', 'postflow' ]
5 info lifecycle masas@0.0.1~preflow: masas@0.0.1
6 silly lifecycle masas@0.0.1~preflow: no script for preflow, continuing
7 info lifecycle masas@0.0.1~flow: masas@0.0.1
8 verbose lifecycle masas@0.0.1~flow: unsafe-perm in lifecycle true
9 verbose lifecycle masas@0.0.1~flow: PATH: /usr/local/lib/node_modules/npm/bin/node-gyp-bin:/Users/thomasbinetruy/Documents/mysite/node_modules/.bin:/usr/local/Cellar/node/5.7.0/bin:/Users/thomasbinetruy/.rvm/gems/ruby-2.3.0/bin:/Users/thomasbinetruy/.rvm/gems/ruby-2.3.0@global/bin:/Users/thomasbinetruy/.rvm/rubies/ruby-2.3.0/bin:/usr/local/Cellar/node/5.7.0/bin:/usr/local/bin:/usr/local/heroku/bin:/usr/local/bin:/usr/bin:/bin:/usr/sbin:/sbin:/opt/X11/bin:/usr/texbin:/System/Library/Frameworks/JavaScriptCore.framework/Versions/A/Resources:/Users/thomasbinetruy/.gem/bin/:/Users/thomasbinetruy/.rvm/bin
10 verbose lifecycle masas@0.0.1~flow: CWD: /Users/thomasbinetruy/Documents/mysite
11 silly lifecycle masas@0.0.1~flow: Args: [ '-c', 'flow; test $? -eq 0 -o $? -eq 2' ]
12 silly lifecycle masas@0.0.1~flow: Returned: code: 1  signal: null
13 info lifecycle masas@0.0.1~flow: Failed to exec flow script
14 verbose stack Error: masas@0.0.1 flow: `flow; test $? -eq 0 -o $? -eq 2`
14 verbose stack Exit status 1
14 verbose stack     at EventEmitter.<anonymous> (/usr/local/lib/node_modules/npm/lib/utils/lifecycle.js:239:16)
14 verbose stack     at emitTwo (events.js:100:13)
14 verbose stack     at EventEmitter.emit (events.js:185:7)
14 verbose stack     at ChildProcess.<anonymous> (/usr/local/lib/node_modules/npm/lib/utils/spawn.js:24:14)
14 verbose stack     at emitTwo (events.js:100:13)
14 verbose stack     at ChildProcess.emit (events.js:185:7)
14 verbose stack     at maybeClose (internal/child_process.js:827:16)
14 verbose stack     at Process.ChildProcess._handle.onexit (internal/child_process.js:211:5)
15 verbose pkgid masas@0.0.1
16 verbose cwd /Users/thomasbinetruy/Documents/mysite/static/js
17 error Darwin 16.0.0
18 error argv "/usr/local/Cellar/node/5.7.0/bin/node" "/usr/local/bin/npm" "run-script" "flow"
19 error node v5.7.0
20 error npm  v3.7.3
21 error code ELIFECYCLE
22 error masas@0.0.1 flow: `flow; test $? -eq 0 -o $? -eq 2`
22 error Exit status 1
23 error Failed at the masas@0.0.1 flow script 'flow; test $? -eq 0 -o $? -eq 2'.
23 error Make sure you have the latest version of node.js and npm installed.
23 error If you do, this is most likely a problem with the masas package,
23 error not with npm itself.
23 error Tell the author that this fails on your system:
23 error     flow; test $? -eq 0 -o $? -eq 2
23 error You can get information on how to open an issue for this project with:
23 error     npm bugs masas
23 error Or if that isn't available, you can get their info via:
23 error     npm owner ls masas
23 error There is likely additional logging output above.
24 verbose exit [ 1, true ]
